Determining if the pthread_create exist failed with the following output:
Change Dir: /home/gaspardb/Documents/stage_mit/code/clustering/build/temp.linux-x86_64-3.7/CMakeFiles/CMakeTmp

Run Build Command:"/usr/bin/make" "cmTC_68a05/fast"
/usr/bin/make -f CMakeFiles/cmTC_68a05.dir/build.make CMakeFiles/cmTC_68a05.dir/build
make[1]: Entering directory '/home/gaspardb/Documents/stage_mit/code/clustering/build/temp.linux-x86_64-3.7/CMakeFiles/CMakeTmp'
Building C object CMakeFiles/cmTC_68a05.dir/CheckSymbolExists.c.o
/usr/bin/cc    -o CMakeFiles/cmTC_68a05.dir/CheckSymbolExists.c.o   -c /home/gaspardb/Documents/stage_mit/code/clustering/build/temp.linux-x86_64-3.7/CMakeFiles/CMakeTmp/CheckSymbolExists.c
Linking C executable cmTC_68a05
/usr/bin/cmake -E cmake_link_script CMakeFiles/cmTC_68a05.dir/link.txt --verbose=1
/usr/bin/cc      -rdynamic CMakeFiles/cmTC_68a05.dir/CheckSymbolExists.c.o  -o cmTC_68a05 
CMakeFiles/cmTC_68a05.dir/CheckSymbolExists.c.o: In function `main':
CheckSymbolExists.c:(.text+0x1b): undefined reference to `pthread_create'
collect2: error: ld returned 1 exit status
CMakeFiles/cmTC_68a05.dir/build.make:97: recipe for target 'cmTC_68a05' failed
make[1]: *** [cmTC_68a05] Error 1
make[1]: Leaving directory '/home/gaspardb/Documents/stage_mit/code/clustering/build/temp.linux-x86_64-3.7/CMakeFiles/CMakeTmp'
Makefile:126: recipe for target 'cmTC_68a05/fast' failed
make: *** [cmTC_68a05/fast] Error 2

File /home/gaspardb/Documents/stage_mit/code/clustering/build/temp.linux-x86_64-3.7/CMakeFiles/CMakeTmp/CheckSymbolExists.c:
/* */
#include <pthread.h>

int main(int argc, char** argv)
{
  (void)argv;
#ifndef pthread_create
  return ((int*)(&pthread_create))[argc];
#else
  (void)argc;
  return 0;
#endif
}

Determining if the function pthread_create exists in the pthreads failed with the following output:
Change Dir: /home/gaspardb/Documents/stage_mit/code/clustering/build/temp.linux-x86_64-3.7/CMakeFiles/CMakeTmp

Run Build Command:"/usr/bin/make" "cmTC_3306a/fast"
/usr/bin/make -f CMakeFiles/cmTC_3306a.dir/build.make CMakeFiles/cmTC_3306a.dir/build
make[1]: Entering directory '/home/gaspardb/Documents/stage_mit/code/clustering/build/temp.linux-x86_64-3.7/CMakeFiles/CMakeTmp'
Building C object CMakeFiles/cmTC_3306a.dir/CheckFunctionExists.c.o
/usr/bin/cc   -DCHECK_FUNCTION_EXISTS=pthread_create   -o CMakeFiles/cmTC_3306a.dir/CheckFunctionExists.c.o   -c /usr/share/cmake-3.10/Modules/CheckFunctionExists.c
Linking C executable cmTC_3306a
/usr/bin/cmake -E cmake_link_script CMakeFiles/cmTC_3306a.dir/link.txt --verbose=1
/usr/bin/cc  -DCHECK_FUNCTION_EXISTS=pthread_create    -rdynamic CMakeFiles/cmTC_3306a.dir/CheckFunctionExists.c.o  -o cmTC_3306a -lpthreads 
/usr/bin/ld: cannot find -lpthreads
collect2: error: ld returned 1 exit status
CMakeFiles/cmTC_3306a.dir/build.make:97: recipe for target 'cmTC_3306a' failed
make[1]: *** [cmTC_3306a] Error 1
make[1]: Leaving directory '/home/gaspardb/Documents/stage_mit/code/clustering/build/temp.linux-x86_64-3.7/CMakeFiles/CMakeTmp'
Makefile:126: recipe for target 'cmTC_3306a/fast' failed
make: *** [cmTC_3306a/fast] Error 2


