Determining if the pthread_create exist failed with the following output:
Change Dir: /home/gaspardb/Documents/stage_mit/code/clustering/build/CMakeFiles/CMakeTmp

Run Build Command:"/usr/bin/make" "cmTC_c9c8b/fast"
/usr/bin/make -f CMakeFiles/cmTC_c9c8b.dir/build.make CMakeFiles/cmTC_c9c8b.dir/build
make[1]: Entering directory '/home/gaspardb/Documents/stage_mit/code/clustering/build/CMakeFiles/CMakeTmp'
Building C object CMakeFiles/cmTC_c9c8b.dir/CheckSymbolExists.c.o
/usr/bin/x86_64-linux-gnu-gcc-7    -o CMakeFiles/cmTC_c9c8b.dir/CheckSymbolExists.c.o   -c /home/gaspardb/Documents/stage_mit/code/clustering/build/CMakeFiles/CMakeTmp/CheckSymbolExists.c
Linking C executable cmTC_c9c8b
/usr/bin/cmake -E cmake_link_script CMakeFiles/cmTC_c9c8b.dir/link.txt --verbose=1
/usr/bin/x86_64-linux-gnu-gcc-7      -rdynamic CMakeFiles/cmTC_c9c8b.dir/CheckSymbolExists.c.o  -o cmTC_c9c8b 
CMakeFiles/cmTC_c9c8b.dir/CheckSymbolExists.c.o: In function `main':
CheckSymbolExists.c:(.text+0x1b): undefined reference to `pthread_create'
collect2: error: ld returned 1 exit status
CMakeFiles/cmTC_c9c8b.dir/build.make:97: recipe for target 'cmTC_c9c8b' failed
make[1]: *** [cmTC_c9c8b] Error 1
make[1]: Leaving directory '/home/gaspardb/Documents/stage_mit/code/clustering/build/CMakeFiles/CMakeTmp'
Makefile:126: recipe for target 'cmTC_c9c8b/fast' failed
make: *** [cmTC_c9c8b/fast] Error 2

File /home/gaspardb/Documents/stage_mit/code/clustering/build/CMakeFiles/CMakeTmp/CheckSymbolExists.c:
/* */
#include <pthread.h>

int main(int argc, char** argv)
{
  (void)argv;
#ifndef pthread_create
  return ((int*)(&pthread_create))[argc];
#else
  (void)argc;
  return 0;
#endif
}

Determining if the function pthread_create exists in the pthreads failed with the following output:
Change Dir: /home/gaspardb/Documents/stage_mit/code/clustering/build/CMakeFiles/CMakeTmp

Run Build Command:"/usr/bin/make" "cmTC_41d3c/fast"
/usr/bin/make -f CMakeFiles/cmTC_41d3c.dir/build.make CMakeFiles/cmTC_41d3c.dir/build
make[1]: Entering directory '/home/gaspardb/Documents/stage_mit/code/clustering/build/CMakeFiles/CMakeTmp'
Building C object CMakeFiles/cmTC_41d3c.dir/CheckFunctionExists.c.o
/usr/bin/x86_64-linux-gnu-gcc-7   -DCHECK_FUNCTION_EXISTS=pthread_create   -o CMakeFiles/cmTC_41d3c.dir/CheckFunctionExists.c.o   -c /usr/share/cmake-3.10/Modules/CheckFunctionExists.c
Linking C executable cmTC_41d3c
/usr/bin/cmake -E cmake_link_script CMakeFiles/cmTC_41d3c.dir/link.txt --verbose=1
/usr/bin/x86_64-linux-gnu-gcc-7  -DCHECK_FUNCTION_EXISTS=pthread_create    -rdynamic CMakeFiles/cmTC_41d3c.dir/CheckFunctionExists.c.o  -o cmTC_41d3c -lpthreads 
/usr/bin/ld: cannot find -lpthreads
collect2: error: ld returned 1 exit status
CMakeFiles/cmTC_41d3c.dir/build.make:97: recipe for target 'cmTC_41d3c' failed
make[1]: *** [cmTC_41d3c] Error 1
make[1]: Leaving directory '/home/gaspardb/Documents/stage_mit/code/clustering/build/CMakeFiles/CMakeTmp'
Makefile:126: recipe for target 'cmTC_41d3c/fast' failed
make: *** [cmTC_41d3c/fast] Error 2


